<?xml version="1.0" encoding="UTF-8"?>
<!-- Generated by org.testng.reporters.JUnitReportReporter -->
<testsuite skipped="4" hostname="LAPTOP-SR71EU4J" name="Pojo.createuser$ProjectWork_User" tests="6" failures="0" timestamp="16 Mar 2022 04:25:02 GMT" time="3.634" errors="1">
  <testcase name="ModifyUser" time="0.000" classname="Pojo.createuser$ProjectWork_User">
    <skipped/>
  </testcase> <!-- ModifyUser -->
  <testcase name="UserLogout" time="0.000" classname="Pojo.createuser$ProjectWork_User">
    <skipped/>
  </testcase> <!-- UserLogout -->
  <testcase name="DeleteUser" time="0.000" classname="Pojo.createuser$ProjectWork_User">
    <skipped/>
  </testcase> <!-- DeleteUser -->
  <testcase name="UserLogin" time="0.000" classname="Pojo.createuser$ProjectWork_User">
    <skipped/>
  </testcase> <!-- UserLogin -->
  <testcase name="datatransfer" time="0.011" classname="Pojo.createuser$ProjectWork_User"/>
  <testcase name="CreateUser" time="3.623" classname="Pojo.createuser$ProjectWork_User">
    <error type="junit.framework.ComparisonFailure" message="expected:&lt;sujatha&gt; but was:&lt;abd&gt;">
      <![CDATA[junit.framework.ComparisonFailure: expected:<sujatha> but was:<abd>
at junit.framework.Assert.assertEquals(Assert.java:81)
at junit.framework.Assert.assertEquals(Assert.java:87)
at Pojo.createuser$ProjectWork_User.CreateUser(createuser.java:53)
at sun.reflect.NativeMethodAccessorImpl.invoke0(Native Method)
at sun.reflect.NativeMethodAccessorImpl.invoke(NativeMethodAccessorImpl.java:62)
at sun.reflect.DelegatingMethodAccessorImpl.invoke(DelegatingMethodAccessorImpl.java:43)
at java.lang.reflect.Method.invoke(Method.java:498)
at org.testng.internal.MethodInvocationHelper.invokeMethod(MethodInvocationHelper.java:124)
at org.testng.internal.Invoker.invokeMethod(Invoker.java:583)
at org.testng.internal.Invoker.invokeTestMethod(Invoker.java:719)
at org.testng.internal.Invoker.invokeTestMethods(Invoker.java:989)
at org.testng.internal.TestMethodWorker.invokeTestMethods(TestMethodWorker.java:125)
at org.testng.internal.TestMethodWorker.run(TestMethodWorker.java:109)
at org.testng.TestRunner.privateRun(TestRunner.java:648)
at org.testng.TestRunner.run(TestRunner.java:505)
at org.testng.SuiteRunner.runTest(SuiteRunner.java:455)
at org.testng.SuiteRunner.runSequentially(SuiteRunner.java:450)
at org.testng.SuiteRunner.privateRun(SuiteRunner.java:415)
at org.testng.SuiteRunner.run(SuiteRunner.java:364)
at org.testng.SuiteRunnerWorker.runSuite(SuiteRunnerWorker.java:52)
at org.testng.SuiteRunnerWorker.run(SuiteRunnerWorker.java:84)
at org.testng.TestNG.runSuitesSequentially(TestNG.java:1208)
at org.testng.TestNG.runSuitesLocally(TestNG.java:1137)
at org.testng.TestNG.runSuites(TestNG.java:1049)
at org.testng.TestNG.run(TestNG.java:1017)
at org.testng.remote.AbstractRemoteTestNG.run(AbstractRemoteTestNG.java:115)
at org.testng.remote.RemoteTestNG.initAndRun(RemoteTestNG.java:251)
at org.testng.remote.RemoteTestNG.main(RemoteTestNG.java:77)
]]>
    </error>
  </testcase> <!-- CreateUser -->
</testsuite> <!-- Pojo.createuser$ProjectWork_User -->
