<?xml version="1.0" encoding="UTF-8"?>
<!-- Generated by org.testng.reporters.JUnitReportReporter -->
<testsuite skipped="7" hostname="LAPTOP-SR71EU4J" name="IBMFramework.Restapi_project.API" tests="8" failures="0" timestamp="15 Mar 2022 04:33:47 GMT" time="2.814" errors="0">
  <testcase name="post" time="2.814" classname="IBMFramework.Restapi_project.API"/>
  <testcase name="testcase4" classname="IBMFramework.Restapi_project.API">
    <skipped/>
  </testcase> <!-- testcase4 -->
  <testcase name="testcase1" classname="IBMFramework.Restapi_project.API">
    <skipped/>
  </testcase> <!-- testcase1 -->
  <testcase name="testcase5" classname="IBMFramework.Restapi_project.API">
    <skipped/>
  </testcase> <!-- testcase5 -->
  <testcase name="Jsontostring" classname="IBMFramework.Restapi_project.API">
    <skipped/>
  </testcase> <!-- Jsontostring -->
  <testcase name="tetcase3" classname="IBMFramework.Restapi_project.API">
    <skipped/>
  </testcase> <!-- tetcase3 -->
  <testcase name="tetcase2" classname="IBMFramework.Restapi_project.API">
    <skipped/>
  </testcase> <!-- tetcase2 -->
  <testcase name="pojoexample" classname="IBMFramework.Restapi_project.API">
    <skipped/>
  </testcase> <!-- pojoexample -->
</testsuite> <!-- IBMFramework.Restapi_project.API -->
