<?xml version="1.0" encoding="UTF-8"?>
<!-- Generated by org.testng.reporters.JUnitReportReporter -->
<testsuite skipped="0" hostname="LAPTOP-SR71EU4J" name="IBMFramework.Restapi_project.Pojo" tests="1" failures="0" timestamp="15 Mar 2022 04:20:13 GMT" time="1.409" errors="0">
  <testcase name="pojoexample" time="1.409" classname="IBMFramework.Restapi_project.Pojo"/>
</testsuite> <!-- IBMFramework.Restapi_project.Pojo -->
